


ARM Macro Assembler    Page 1 


    1 00000000                 AREA             RESET, DATA, READONLY
    2 00000000                 EXPORT           __Vectors
    3 00000000         __Vectors
    4 00000000 10001000        DCD              0X10001000
    5 00000004 00000000        DCD              Reset_Handler
    6 00000008                 ALIGN
    7 00000008                 AREA             mycode, CODE, READONLY
    8 00000000                 ENTRY
    9 00000000                 EXPORT           Reset_Handler
   10 00000000         Reset_Handler
   11 00000000 481F            LDR              R0, =NUM1
   12 00000002 4920            LDR              R1, =NUM2
   13 00000004 4A20            LDR              R2, =RES
   14 00000006 F04F 0400       MOV              R4,#0
   15 0000000A 6805            LDR              R5,[R0]
   16 0000000C 680E            LDR              R6,[R1]
   17 0000000E 462F    UP      MOV              R7,R5
   18 00000010 46B0            MOV              R8,R6
   19 00000012 F007 070F       AND              R7,#0xF
   20 00000016 193F            ADDS             R7,R4
   21 00000018 F04F 0400       MOV              R4,#0
   22 0000001C F008 080F       AND              R8,#0xF
   23 00000020 F000 F80A       BL               ADDN
   24 00000024 EA4F 1515       LSR              R5,#4
   25 00000028 EA4F 1616       LSR              R6,#4
   26 0000002C 2D00            CMP              R5,#0
   27 0000002E D000            BEQ              DOWN
   28 00000030 E7ED            B                UP
   29 00000032 2E00    DOWN    CMP              R6,#0
   30 00000034 D00B            BEQ              TUPAC
   31 00000036 E7EA            B                UP
   32 00000038 EB17 0708 
                       ADDN    ADDS             R7,R8
   33 0000003C 2F0A            CMP              R7,#0xA
   34 0000003E D303            BCC              STORE
   35 00000040 F1A7 070A       SUB              R7,#0xA
   36 00000044 F106 0601       ADD              R6,#01
   37 00000048 F802 7B01 
                       STORE   STRB             R7,[R2],#1
   38 0000004C 4770            BX               LR
   39 0000004E 4610    TUPAC   MOV              R0,R2
   40 00000050 4A0D            LDR              R2, =RES
   41 00000052 4B0E            LDR              R3, =PACK
   42 00000054 EBA0 0402       SUB              R4,R0,R2
   43 00000058 F812 0B01 
                       UP1     LDRB             R0,[R2],#1
   44 0000005C F812 1B01       LDRB             R1,[R2],#1
   45 00000060 EA4F 1101       LSL              R1,#4
   46 00000064 EA41 0100       ORR              R1,R0
   47 00000068 F803 1B01       STRB             R1,[R3],#1
   48 0000006C F1A4 0402       SUB              R4,#2
   49 00000070 2C01            CMP              R4,#1
   50 00000072 DAF1            BGE              UP1
   51 00000074 E7FE    STOP    B                STOP
   52 00000076         
   53 00000076 00 00 00000045 
                       NUM1    DCD              0x45
   54 0000007C 00000011 
                       NUM2    DCD              0x11



ARM Macro Assembler    Page 2 


   55 00000080 00000000 
              00000000 
              00000000 
              00000000 
              00000000         AREA             mydata, DATA, READWRITE
   56 00000000 00000000 
                       RES     DCD              0
   57 00000004 00000000 
                       PACK    DCD              0
   58 00000008                 END
Command Line: --debug --xref --cpu=Cortex-M3 --apcs=interwork --depend=.\q3.d -
o.\q3.o -IC:\Keil\ARM\RV31\INC -IC:\Keil\ARM\CMSIS\Include -IC:\Keil\ARM\Inc\NX
P\LPC17xx --predefine="__EVAL SETA 1" --list=.\q3.lst q3.s



ARM Macro Assembler    Page 1 Alphabetic symbol ordering
Relocatable symbols

RESET 00000000

Symbol: RESET
   Definitions
      At line 1 in file q3.s
   Uses
      None
Comment: RESET unused
__Vectors 00000000

Symbol: __Vectors
   Definitions
      At line 3 in file q3.s
   Uses
      At line 2 in file q3.s
Comment: __Vectors used once
2 symbols



ARM Macro Assembler    Page 1 Alphabetic symbol ordering
Relocatable symbols

ADDN 00000038

Symbol: ADDN
   Definitions
      At line 32 in file q3.s
   Uses
      At line 23 in file q3.s
Comment: ADDN used once
DOWN 00000032

Symbol: DOWN
   Definitions
      At line 29 in file q3.s
   Uses
      At line 27 in file q3.s
Comment: DOWN used once
NUM1 00000078

Symbol: NUM1
   Definitions
      At line 53 in file q3.s
   Uses
      At line 11 in file q3.s
Comment: NUM1 used once
NUM2 0000007C

Symbol: NUM2
   Definitions
      At line 54 in file q3.s
   Uses
      At line 12 in file q3.s
Comment: NUM2 used once
Reset_Handler 00000000

Symbol: Reset_Handler
   Definitions
      At line 10 in file q3.s
   Uses
      At line 5 in file q3.s
      At line 9 in file q3.s

STOP 00000074

Symbol: STOP
   Definitions
      At line 51 in file q3.s
   Uses
      At line 51 in file q3.s
Comment: STOP used once
STORE 00000048

Symbol: STORE
   Definitions
      At line 37 in file q3.s
   Uses
      At line 34 in file q3.s
Comment: STORE used once
TUPAC 0000004E




ARM Macro Assembler    Page 2 Alphabetic symbol ordering
Relocatable symbols

Symbol: TUPAC
   Definitions
      At line 39 in file q3.s
   Uses
      At line 30 in file q3.s
Comment: TUPAC used once
UP 0000000E

Symbol: UP
   Definitions
      At line 17 in file q3.s
   Uses
      At line 28 in file q3.s
      At line 31 in file q3.s

UP1 00000058

Symbol: UP1
   Definitions
      At line 43 in file q3.s
   Uses
      At line 50 in file q3.s
Comment: UP1 used once
mycode 00000000

Symbol: mycode
   Definitions
      At line 7 in file q3.s
   Uses
      None
Comment: mycode unused
11 symbols



ARM Macro Assembler    Page 1 Alphabetic symbol ordering
Relocatable symbols

PACK 00000004

Symbol: PACK
   Definitions
      At line 57 in file q3.s
   Uses
      At line 41 in file q3.s
Comment: PACK used once
RES 00000000

Symbol: RES
   Definitions
      At line 56 in file q3.s
   Uses
      At line 13 in file q3.s
      At line 40 in file q3.s

mydata 00000000

Symbol: mydata
   Definitions
      At line 55 in file q3.s
   Uses
      None
Comment: mydata unused
3 symbols
349 symbols in table
