


ARM Macro Assembler    Page 1 


    1 00000000                 AREA             RESET, DATA, READONLY
    2 00000000                 EXPORT           __Vectors
    3 00000000         __Vectors
    4 00000000 10001000        DCD              0X10001000
    5 00000004 00000000        DCD              Reset_Handler
    6 00000008                 ALIGN
    7 00000008                 AREA             mycode, CODE, READONLY
    8 00000000                 ENTRY
    9 00000000                 EXPORT           Reset_Handler
   10 00000000         Reset_Handler
   11 00000000         ;WRITE INTO DATA MEMORY FROM CODE
   12 00000000 4816            LDR              R0,=ARR
   13 00000002 4917            LDR              R1,=DRR
   14 00000004 F04F 0205       MOV              R2,#5
   15 00000008 F850 3B04 
                       STORE   LDR              R3,[R0],#4
   16 0000000C F841 3B01       STR              R3,[R1],#1
   17 00000010 3A01            SUBS             R2,#1
   18 00000012 D1F9            BNE              STORE
   19 00000014 4812            LDR              R0,=DRR
   20 00000016 4601            MOV              R1,R0
   21 00000018 F04F 0305       MOV              R3,#5
   22 0000001C 460D    L1      MOV              R5,R1
   23 0000001E F811 4B01       LDRB             R4,[R1],#1
   24 00000022 460A            MOV              R2,R1
   25 00000024 3B01            SUBS             R3,#1
   26 00000026 461F            MOV              R7,R3
   27 00000028 7816    L2      LDRB             R6,[R2]
   28 0000002A 42A6            CMP              R6,R4
   29 0000002C D300            BCC              UPDATE
   30 0000002E E000            B                CONT
   31 00000030 4615    UPDATE  MOV              R5,R2
   32 00000032 F102 0201 
                       CONT    ADD              R2,#1
   33 00000036 3F01            SUBS             R7,#1
   34 00000038 D1F6            BNE              L2
   35 0000003A 682E            LDR              R6,[R5]
   36 0000003C F801 6C01       STRB             R6,[R1,#-1]
   37 00000040 702C            STRB             R4,[R5]
   38 00000042 2B01            CMP              R3,#1
   39 00000044 D1EA            BNE              L1
   40 00000046 E7FE    STOP    B                STOP
   41 00000048 00000003 
              00000002 
              00000001 
              00000005 
              00000004 ARR     DCD              3,2,1,5,4
   42 0000005C 00000000 
              00000000 
              00000000         AREA             mydata, DATA, READWRITE
   43 00000000 00000000 
                       DRR     DCD              0
   44 00000004                 END
Command Line: --debug --xref --cpu=Cortex-M3 --apcs=interwork --depend=.\q1.d -
o.\q1.o -IC:\Keil\ARM\RV31\INC -IC:\Keil\ARM\CMSIS\Include -IC:\Keil\ARM\Inc\NX
P\LPC17xx --predefine="__EVAL SETA 1" --list=.\q1.lst q1.s



ARM Macro Assembler    Page 1 Alphabetic symbol ordering
Relocatable symbols

RESET 00000000

Symbol: RESET
   Definitions
      At line 1 in file q1.s
   Uses
      None
Comment: RESET unused
__Vectors 00000000

Symbol: __Vectors
   Definitions
      At line 3 in file q1.s
   Uses
      At line 2 in file q1.s
Comment: __Vectors used once
2 symbols



ARM Macro Assembler    Page 1 Alphabetic symbol ordering
Relocatable symbols

ARR 00000048

Symbol: ARR
   Definitions
      At line 41 in file q1.s
   Uses
      At line 12 in file q1.s
Comment: ARR used once
CONT 00000032

Symbol: CONT
   Definitions
      At line 32 in file q1.s
   Uses
      At line 30 in file q1.s
Comment: CONT used once
L1 0000001C

Symbol: L1
   Definitions
      At line 22 in file q1.s
   Uses
      At line 39 in file q1.s
Comment: L1 used once
L2 00000028

Symbol: L2
   Definitions
      At line 27 in file q1.s
   Uses
      At line 34 in file q1.s
Comment: L2 used once
Reset_Handler 00000000

Symbol: Reset_Handler
   Definitions
      At line 10 in file q1.s
   Uses
      At line 5 in file q1.s
      At line 9 in file q1.s

STOP 00000046

Symbol: STOP
   Definitions
      At line 40 in file q1.s
   Uses
      At line 40 in file q1.s
Comment: STOP used once
STORE 00000008

Symbol: STORE
   Definitions
      At line 15 in file q1.s
   Uses
      At line 18 in file q1.s
Comment: STORE used once
UPDATE 00000030




ARM Macro Assembler    Page 2 Alphabetic symbol ordering
Relocatable symbols

Symbol: UPDATE
   Definitions
      At line 31 in file q1.s
   Uses
      At line 29 in file q1.s
Comment: UPDATE used once
mycode 00000000

Symbol: mycode
   Definitions
      At line 7 in file q1.s
   Uses
      None
Comment: mycode unused
9 symbols



ARM Macro Assembler    Page 1 Alphabetic symbol ordering
Relocatable symbols

DRR 00000000

Symbol: DRR
   Definitions
      At line 43 in file q1.s
   Uses
      At line 13 in file q1.s
      At line 19 in file q1.s

mydata 00000000

Symbol: mydata
   Definitions
      At line 42 in file q1.s
   Uses
      None
Comment: mydata unused
2 symbols
346 symbols in table
