


ARM Macro Assembler    Page 1 


    1 00000000                 AREA             RESET, DATA, READONLY
    2 00000000                 EXPORT           __Vectors
    3 00000000         __Vectors
    4 00000000 10001000        DCD              0X10001000
    5 00000004 00000000        DCD              Reset_Handler
    6 00000008                 ALIGN
    7 00000008                 AREA             mycode, CODE, READONLY
    8 00000000                 ENTRY
    9 00000000                 EXPORT           Reset_Handler
   10 00000000         Reset_Handler
   11 00000000 480B            LDR              R0,=NUM
   12 00000002 4A0C            LDR              R2,=RES
   13 00000004 F04F 0101       MOV              R1,#1
   14 00000008 6803            LDR              R3,[R0]
   15 0000000A F000 F802       BL               FACT
   16 0000000E 6011            STR              R1,[R2]
   17 00000010 E7FE    STOP    B                STOP
   18 00000012 B508    FACT    PUSH             {R3,LR}
   19 00000014 3B01            SUBS             R3,#1
   20 00000016 2B01            CMP              R3,#1
   21 00000018 D100            BNE              CALL
   22 0000001A E001            B                HERE
   23 0000001C F7FF FFF9 
                       CALL    BL               FACT
   24 00000020 E8BD 4008 
                       HERE    POP              {R3,LR}
   25 00000024 FB01 F103       MUL              R1,R3
   26 00000028 4770            BX               LR
   27 0000002A 00 00 00000005 
                       NUM     DCD              5
   28 00000030 00000000 
              00000000         AREA             mydata, DATA, READWRITE
   29 00000000 00000000 
                       RES     DCD              0
   30 00000004                 END
Command Line: --debug --xref --cpu=Cortex-M3 --apcs=interwork --depend=.\q2.d -
o.\q2.o -IC:\Keil\ARM\RV31\INC -IC:\Keil\ARM\CMSIS\Include -IC:\Keil\ARM\Inc\NX
P\LPC17xx --predefine="__EVAL SETA 1" --list=.\q2.lst q2.s



ARM Macro Assembler    Page 1 Alphabetic symbol ordering
Relocatable symbols

RESET 00000000

Symbol: RESET
   Definitions
      At line 1 in file q2.s
   Uses
      None
Comment: RESET unused
__Vectors 00000000

Symbol: __Vectors
   Definitions
      At line 3 in file q2.s
   Uses
      At line 2 in file q2.s
Comment: __Vectors used once
2 symbols



ARM Macro Assembler    Page 1 Alphabetic symbol ordering
Relocatable symbols

CALL 0000001C

Symbol: CALL
   Definitions
      At line 23 in file q2.s
   Uses
      At line 21 in file q2.s
Comment: CALL used once
FACT 00000012

Symbol: FACT
   Definitions
      At line 18 in file q2.s
   Uses
      At line 15 in file q2.s
      At line 23 in file q2.s

HERE 00000020

Symbol: HERE
   Definitions
      At line 24 in file q2.s
   Uses
      At line 22 in file q2.s
Comment: HERE used once
NUM 0000002C

Symbol: NUM
   Definitions
      At line 27 in file q2.s
   Uses
      At line 11 in file q2.s
Comment: NUM used once
Reset_Handler 00000000

Symbol: Reset_Handler
   Definitions
      At line 10 in file q2.s
   Uses
      At line 5 in file q2.s
      At line 9 in file q2.s

STOP 00000010

Symbol: STOP
   Definitions
      At line 17 in file q2.s
   Uses
      At line 17 in file q2.s
Comment: STOP used once
mycode 00000000

Symbol: mycode
   Definitions
      At line 7 in file q2.s
   Uses
      None
Comment: mycode unused
7 symbols



ARM Macro Assembler    Page 1 Alphabetic symbol ordering
Relocatable symbols

RES 00000000

Symbol: RES
   Definitions
      At line 29 in file q2.s
   Uses
      At line 12 in file q2.s
Comment: RES used once
mydata 00000000

Symbol: mydata
   Definitions
      At line 28 in file q2.s
   Uses
      None
Comment: mydata unused
2 symbols
344 symbols in table
