


ARM Macro Assembler    Page 1 


    1 00000000         ;ALP to search an element in an array of 10 32-bit numbe
                       rs using Linear Search.
    2 00000000         
    3 00000000                 AREA             RESET, DATA, READONLY
    4 00000000                 EXPORT           __Vectors
    5 00000000         
    6 00000000         __Vectors
    7 00000000         
    8 00000000 10001000        DCD              0X10001000
    9 00000004 00000000        DCD              Reset_Handler
   10 00000008                 ALIGN
   11 00000008                 AREA             mycode, CODE, READONLY
   12 00000000                 ENTRY
   13 00000000                 EXPORT           Reset_Handler
   14 00000000         
   15 00000000         Reset_Handler
   16 00000000         
   17 00000000 4817            LDR              R0,=SRC
   18 00000002 4918            LDR              R1,=KEY
   19 00000004 4C18            LDR              R4,=DST
   20 00000006 F04F 080A       MOV              R8,#10
   21 0000000A 680B            LDR              R3,[R1]
   22 0000000C F850 2B04 
                       UP      LDR              R2,[R0],#4
   23 00000010 4293            CMP              R3,R2
   24 00000012 D00A            BEQ              FOUND
   25 00000014 F1B8 0801       SUBS             R8,#1
   26 00000018 F1B8 0F00       CMP              R8,#0
   27 0000001C D000            BEQ              DOWN
   28 0000001E D1F5            BNE              UP
   29 00000020 F04F 0900 
                       DOWN    MOV              R9,#0
   30 00000024 F884 9000       STRB             R9,[R4]
   31 00000028 E003            B                STOP
   32 0000002A F04F 0901 
                       FOUND   MOV              R9,#1
   33 0000002E F884 9000       STRB             R9,[R4]
   34 00000032         STOP
   35 00000032 E7FE            B                STOP
   36 00000034 00000000 
              00000001 
              00000002 
              00000003 
              00000004 
              00000005 
              00000006 
              00000007 
              00000008 
              00000009 SRC     DCD              0,1,2,3,4,5,6,7,8,9
   37 0000005C 00000003 
                       KEY     DCD              3
   38 00000060         
   39 00000060 00000000 
              00000000 
              00000000         AREA             mydata,DATA,READWRITE
   40 00000000 00000000 
                       DST     DCD              0
   41 00000004                 END
Command Line: --debug --xref --cpu=Cortex-M3 --apcs=interwork --depend=.\q3.d -



ARM Macro Assembler    Page 2 


o.\q3.o -IC:\Keil\ARM\RV31\INC -IC:\Keil\ARM\CMSIS\Include -IC:\Keil\ARM\Inc\NX
P\LPC17xx --predefine="__EVAL SETA 1" --list=.\q3.lst q3.s



ARM Macro Assembler    Page 1 Alphabetic symbol ordering
Relocatable symbols

RESET 00000000

Symbol: RESET
   Definitions
      At line 3 in file q3.s
   Uses
      None
Comment: RESET unused
__Vectors 00000000

Symbol: __Vectors
   Definitions
      At line 6 in file q3.s
   Uses
      At line 4 in file q3.s
Comment: __Vectors used once
2 symbols



ARM Macro Assembler    Page 1 Alphabetic symbol ordering
Relocatable symbols

DOWN 00000020

Symbol: DOWN
   Definitions
      At line 29 in file q3.s
   Uses
      At line 27 in file q3.s
Comment: DOWN used once
FOUND 0000002A

Symbol: FOUND
   Definitions
      At line 32 in file q3.s
   Uses
      At line 24 in file q3.s
Comment: FOUND used once
KEY 0000005C

Symbol: KEY
   Definitions
      At line 37 in file q3.s
   Uses
      At line 18 in file q3.s
Comment: KEY used once
Reset_Handler 00000000

Symbol: Reset_Handler
   Definitions
      At line 15 in file q3.s
   Uses
      At line 9 in file q3.s
      At line 13 in file q3.s

SRC 00000034

Symbol: SRC
   Definitions
      At line 36 in file q3.s
   Uses
      At line 17 in file q3.s
Comment: SRC used once
STOP 00000032

Symbol: STOP
   Definitions
      At line 34 in file q3.s
   Uses
      At line 31 in file q3.s
      At line 35 in file q3.s

UP 0000000C

Symbol: UP
   Definitions
      At line 22 in file q3.s
   Uses
      At line 28 in file q3.s
Comment: UP used once
mycode 00000000



ARM Macro Assembler    Page 2 Alphabetic symbol ordering
Relocatable symbols


Symbol: mycode
   Definitions
      At line 11 in file q3.s
   Uses
      None
Comment: mycode unused
8 symbols



ARM Macro Assembler    Page 1 Alphabetic symbol ordering
Relocatable symbols

DST 00000000

Symbol: DST
   Definitions
      At line 40 in file q3.s
   Uses
      At line 19 in file q3.s
Comment: DST used once
mydata 00000000

Symbol: mydata
   Definitions
      At line 39 in file q3.s
   Uses
      None
Comment: mydata unused
2 symbols
345 symbols in table
